0 info it worked if it ends with ok
1 verbose cli [ '/Users/davidconner/.nvm/versions/node/v7.4.0/bin/node',
1 verbose cli   '/Users/davidconner/.nvm/versions/node/v7.4.0/bin/npm',
1 verbose cli   'run',
1 verbose cli   'lint:stylelint' ]
2 info using npm@4.0.5
3 info using node@v7.4.0
4 verbose run-script [ 'prelint:stylelint', 'lint:stylelint', 'postlint:stylelint' ]
5 info lifecycle BYOSApp@1.0.0~prelint:stylelint: BYOSApp@1.0.0
6 silly lifecycle BYOSApp@1.0.0~prelint:stylelint: no script for prelint:stylelint, continuing
7 info lifecycle BYOSApp@1.0.0~lint:stylelint: BYOSApp@1.0.0
8 verbose lifecycle BYOSApp@1.0.0~lint:stylelint: unsafe-perm in lifecycle true
9 verbose lifecycle BYOSApp@1.0.0~lint:stylelint: PATH: /Users/davidconner/.nvm/versions/node/v7.4.0/lib/node_modules/npm/bin/node-gyp-bin:/Users/davidconner/Documents/learning/BYOS/BYOSApp/node_modules/.bin:/Users/davidconner/.nvm/versions/node/v7.4.0/bin:/Users/davidconner/.gem/ruby/2.0.0/bin:/usr/bin:/usr/local/bin:/usr/bin:/bin:/usr/sbin:/sbin
10 verbose lifecycle BYOSApp@1.0.0~lint:stylelint: CWD: /Users/davidconner/Documents/learning/BYOS/BYOSApp
11 silly lifecycle BYOSApp@1.0.0~lint:stylelint: Args: [ '-c', 'stylelint \'./src/**/*.scss\' --syntax scss' ]
12 silly lifecycle BYOSApp@1.0.0~lint:stylelint: Returned: code: 2  signal: null
13 info lifecycle BYOSApp@1.0.0~lint:stylelint: Failed to exec lint:stylelint script
14 verbose stack Error: BYOSApp@1.0.0 lint:stylelint: `stylelint './src/**/*.scss' --syntax scss`
14 verbose stack Exit status 2
14 verbose stack     at EventEmitter.<anonymous> (/Users/davidconner/.nvm/versions/node/v7.4.0/lib/node_modules/npm/lib/utils/lifecycle.js:279:16)
14 verbose stack     at emitTwo (events.js:106:13)
14 verbose stack     at EventEmitter.emit (events.js:191:7)
14 verbose stack     at ChildProcess.<anonymous> (/Users/davidconner/.nvm/versions/node/v7.4.0/lib/node_modules/npm/lib/utils/spawn.js:40:14)
14 verbose stack     at emitTwo (events.js:106:13)
14 verbose stack     at ChildProcess.emit (events.js:191:7)
14 verbose stack     at maybeClose (internal/child_process.js:885:16)
14 verbose stack     at Process.ChildProcess._handle.onexit (internal/child_process.js:226:5)
15 verbose pkgid BYOSApp@1.0.0
16 verbose cwd /Users/davidconner/Documents/learning/BYOS/BYOSApp
17 error Darwin 16.3.0
18 error argv "/Users/davidconner/.nvm/versions/node/v7.4.0/bin/node" "/Users/davidconner/.nvm/versions/node/v7.4.0/bin/npm" "run" "lint:stylelint"
19 error node v7.4.0
20 error npm  v4.0.5
21 error code ELIFECYCLE
22 error BYOSApp@1.0.0 lint:stylelint: `stylelint './src/**/*.scss' --syntax scss`
22 error Exit status 2
23 error Failed at the BYOSApp@1.0.0 lint:stylelint script 'stylelint './src/**/*.scss' --syntax scss'.
23 error Make sure you have the latest version of node.js and npm installed.
23 error If you do, this is most likely a problem with the BYOSApp package,
23 error not with npm itself.
23 error Tell the author that this fails on your system:
23 error     stylelint './src/**/*.scss' --syntax scss
23 error You can get information on how to open an issue for this project with:
23 error     npm bugs BYOSApp
23 error Or if that isn't available, you can get their info via:
23 error     npm owner ls BYOSApp
23 error There is likely additional logging output above.
24 verbose exit [ 1, true ]
